   1              		.cpu cortex-m4
   2              		.eabi_attribute 20, 1
   3              		.eabi_attribute 21, 1
   4              		.eabi_attribute 23, 3
   5              		.eabi_attribute 24, 1
   6              		.eabi_attribute 25, 1
   7              		.eabi_attribute 26, 1
   8              		.eabi_attribute 30, 6
   9              		.eabi_attribute 34, 1
  10              		.eabi_attribute 18, 4
  11              		.file	"bus.c"
  12              		.text
  13              	.Ltext0:
  14              		.cfi_sections	.debug_frame
  15              		.comm	bus_id,1,1
  16              		.comm	bus_task_step,1,1
  17              		.comm	bus_dbg_period,1,1
  18              		.section	.rodata
  19              		.align	2
  20              	.LC0:
  21 0000 543A2564 		.ascii	"T:%d, M:%d, V:%d\015\012\000"
  21      2C204D3A 
  21      25642C20 
  21      563A2564 
  21      0D0A00
  22              		.section	.text.gd_addbg_out,"ax",%progbits
  23              		.align	1
  24              		.global	gd_addbg_out
  25              		.arch armv7e-m
  26              		.syntax unified
  27              		.thumb
  28              		.thumb_func
  29              		.fpu softvfp
  31              	gd_addbg_out:
  32              	.LFB119:
  33              		.file 1 "../app/bus.c"
   1:../app/bus.c  **** 
   2:../app/bus.c  **** /*
   3:../app/bus.c  ****   ******************************************************************************
   4:../app/bus.c  ****   * @file           : bus.c
   5:../app/bus.c  ****   * @brief         : keyboard program body
   6:../app/bus.c  ****   ******************************************************************************
   7:../app/bus.c  ****   * @attention
   8:../app/bus.c  ****   *
   9:../app/bus.c  ****   * Date					 		
  10:../app/bus.c  ****   * Description
  11:../app/bus.c  ****   *____________________________________________________________________________*/
  12:../app/bus.c  **** 
  13:../app/bus.c  **** /*_____ I N C L U D E S ____________________________________________________*/
  14:../app/bus.c  **** #define _BUS_C_
  15:../app/bus.c  **** #include <stdio.h>
  16:../app/bus.c  **** #include <string.h>
  17:../app/bus.c  **** #include "gd32f30x.h"
  18:../app/bus.c  **** #include "os_lyh_core.h"
  19:../app/bus.c  **** #include "configboard.h"
  20:../app/bus.c  **** #include "display.h"
  21:../app/bus.c  **** #include "usart.h"
  22:../app/bus.c  **** #include "adc.h"
  23:../app/bus.c  **** #include "bus.h"
  24:../app/bus.c  **** 
  25:../app/bus.c  **** #define DBG_PRINT			1
  26:../app/bus.c  **** #define DBG_PERIOD(x)		(1000/x)
  27:../app/bus.c  **** 
  28:../app/bus.c  **** uint8_t bus_dbg_period;
  29:../app/bus.c  **** 
  30:../app/bus.c  **** /*_____ D E F I N I T I O N S ________________________________________________*/
  31:../app/bus.c  **** 
  32:../app/bus.c  **** 
  33:../app/bus.c  **** /*_____ M A C R O S ______________________________________________________*/
  34:../app/bus.c  **** 
  35:../app/bus.c  **** 
  36:../app/bus.c  **** /*_____ F U N C T I O N S __________________________________________________*/
  37:../app/bus.c  **** void gd_addbg_out(void)
  38:../app/bus.c  **** {
  34              		.loc 1 38 1
  35              		.cfi_startproc
  36              		@ args = 0, pretend = 0, frame = 8
  37              		@ frame_needed = 1, uses_anonymous_args = 0
  38 0000 80B5     		push	{r7, lr}
  39              		.cfi_def_cfa_offset 8
  40              		.cfi_offset 7, -8
  41              		.cfi_offset 14, -4
  42 0002 82B0     		sub	sp, sp, #8
  43              		.cfi_def_cfa_offset 16
  44 0004 00AF     		add	r7, sp, #0
  45              		.cfi_def_cfa_register 7
  39:../app/bus.c  **** #ifdef DBG_PRINT
  40:../app/bus.c  **** 	if (++bus_dbg_period > DBG_PERIOD(Ms_10)) {
  46              		.loc 1 40 6
  47 0006 134B     		ldr	r3, .L4
  48 0008 1B78     		ldrb	r3, [r3]	@ zero_extendqisi2
  49 000a 0133     		adds	r3, r3, #1
  50 000c DAB2     		uxtb	r2, r3
  51              		.loc 1 40 5
  52 000e 114B     		ldr	r3, .L4
  53 0010 1A70     		strb	r2, [r3]
  54              		.loc 1 40 6
  55 0012 104B     		ldr	r3, .L4
  56 0014 1B78     		ldrb	r3, [r3]	@ zero_extendqisi2
  57              		.loc 1 40 5
  58 0016 642B     		cmp	r3, #100
  59 0018 17D9     		bls	.L3
  60              	.LBB2:
  41:../app/bus.c  **** 		uint16_t temp_val = gd_adc_get(TEMPERATURE);
  61              		.loc 1 41 23
  62 001a 0220     		movs	r0, #2
  63 001c FFF7FEFF 		bl	gd_adc_get
  64 0020 0346     		mov	r3, r0
  65 0022 FB80     		strh	r3, [r7, #6]	@ movhi
  42:../app/bus.c  **** 		uint16_t motor_val = gd_adc_get(MOTOR_ISEN);
  66              		.loc 1 42 24
  67 0024 0120     		movs	r0, #1
  68 0026 FFF7FEFF 		bl	gd_adc_get
  69 002a 0346     		mov	r3, r0
  70 002c BB80     		strh	r3, [r7, #4]	@ movhi
  43:../app/bus.c  **** 		uint16_t voltage_val = gd_adc_get(AC_VOLTAGE);
  71              		.loc 1 43 26
  72 002e 0020     		movs	r0, #0
  73 0030 FFF7FEFF 		bl	gd_adc_get
  74 0034 0346     		mov	r3, r0
  75 0036 7B80     		strh	r3, [r7, #2]	@ movhi
  44:../app/bus.c  **** 		printf("T:%d, M:%d, V:%d\r\n", temp_val, motor_val, voltage_val);
  76              		.loc 1 44 3
  77 0038 F988     		ldrh	r1, [r7, #6]
  78 003a BA88     		ldrh	r2, [r7, #4]
  79 003c 7B88     		ldrh	r3, [r7, #2]
  80 003e 0648     		ldr	r0, .L4+4
  81 0040 FFF7FEFF 		bl	printf
  45:../app/bus.c  **** 		bus_dbg_period = 0;
  82              		.loc 1 45 18
  83 0044 034B     		ldr	r3, .L4
  84 0046 0022     		movs	r2, #0
  85 0048 1A70     		strb	r2, [r3]
  86              	.L3:
  87              	.LBE2:
  46:../app/bus.c  **** 	}
  47:../app/bus.c  **** #endif	
  48:../app/bus.c  **** }
  88              		.loc 1 48 1
  89 004a 00BF     		nop
  90 004c 0837     		adds	r7, r7, #8
  91              		.cfi_def_cfa_offset 8
  92 004e BD46     		mov	sp, r7
  93              		.cfi_def_cfa_register 13
  94              		@ sp needed
  95 0050 80BD     		pop	{r7, pc}
  96              	.L5:
  97 0052 00BF     		.align	2
  98              	.L4:
  99 0054 00000000 		.word	bus_dbg_period
 100 0058 00000000 		.word	.LC0
 101              		.cfi_endproc
 102              	.LFE119:
 104              		.section	.text.init_bus_task,"ax",%progbits
 105              		.align	1
 106              		.global	init_bus_task
 107              		.syntax unified
 108              		.thumb
 109              		.thumb_func
 110              		.fpu softvfp
 112              	init_bus_task:
 113              	.LFB120:
  49:../app/bus.c  **** 
  50:../app/bus.c  **** /************************************************************************
  51:../app/bus.c  **** * function name: init_bus
  52:../app/bus.c  **** * input: non
  53:../app/bus.c  **** * output: non
  54:../app/bus.c  **** * description: object thread
  55:../app/bus.c  **** *************************************************************************/
  56:../app/bus.c  **** void init_bus_task(uint8_t id)
  57:../app/bus.c  **** {
 114              		.loc 1 57 1
 115              		.cfi_startproc
 116              		@ args = 0, pretend = 0, frame = 8
 117              		@ frame_needed = 1, uses_anonymous_args = 0
 118              		@ link register save eliminated.
 119 0000 80B4     		push	{r7}
 120              		.cfi_def_cfa_offset 4
 121              		.cfi_offset 7, -4
 122 0002 83B0     		sub	sp, sp, #12
 123              		.cfi_def_cfa_offset 16
 124 0004 00AF     		add	r7, sp, #0
 125              		.cfi_def_cfa_register 7
 126 0006 0346     		mov	r3, r0
 127 0008 FB71     		strb	r3, [r7, #7]
  58:../app/bus.c  **** 	bus_id = id;
 128              		.loc 1 58 9
 129 000a 054A     		ldr	r2, .L7
 130 000c FB79     		ldrb	r3, [r7, #7]
 131 000e 1370     		strb	r3, [r2]
  59:../app/bus.c  **** 	bus_task_step = BUS_INIT_STATE;
 132              		.loc 1 59 16
 133 0010 044B     		ldr	r3, .L7+4
 134 0012 0022     		movs	r2, #0
 135 0014 1A70     		strb	r2, [r3]
  60:../app/bus.c  **** }
 136              		.loc 1 60 1
 137 0016 00BF     		nop
 138 0018 0C37     		adds	r7, r7, #12
 139              		.cfi_def_cfa_offset 4
 140 001a BD46     		mov	sp, r7
 141              		.cfi_def_cfa_register 13
 142              		@ sp needed
 143 001c 80BC     		pop	{r7}
 144              		.cfi_restore 7
 145              		.cfi_def_cfa_offset 0
 146 001e 7047     		bx	lr
 147              	.L8:
 148              		.align	2
 149              	.L7:
 150 0020 00000000 		.word	bus_id
 151 0024 00000000 		.word	bus_task_step
 152              		.cfi_endproc
 153              	.LFE120:
 155              		.section	.text.bus_task_handler,"ax",%progbits
 156              		.align	1
 157              		.global	bus_task_handler
 158              		.syntax unified
 159              		.thumb
 160              		.thumb_func
 161              		.fpu softvfp
 163              	bus_task_handler:
 164              	.LFB121:
  61:../app/bus.c  **** 
  62:../app/bus.c  **** /************************************************************************
  63:../app/bus.c  **** * function name: bus_task_handler
  64:../app/bus.c  **** * input: non
  65:../app/bus.c  **** * output: non
  66:../app/bus.c  **** * description: object thread
  67:../app/bus.c  **** *************************************************************************/
  68:../app/bus.c  **** void bus_task_handler(void)
  69:../app/bus.c  **** {
 165              		.loc 1 69 1
 166              		.cfi_startproc
 167              		@ args = 0, pretend = 0, frame = 0
 168              		@ frame_needed = 1, uses_anonymous_args = 0
 169 0000 80B5     		push	{r7, lr}
 170              		.cfi_def_cfa_offset 8
 171              		.cfi_offset 7, -8
 172              		.cfi_offset 14, -4
 173 0002 00AF     		add	r7, sp, #0
 174              		.cfi_def_cfa_register 7
  70:../app/bus.c  **** 	switch(bus_task_step)
 175              		.loc 1 70 2
 176 0004 104B     		ldr	r3, .L18
 177 0006 1B78     		ldrb	r3, [r3]	@ zero_extendqisi2
 178 0008 022B     		cmp	r3, #2
 179 000a 0FD0     		beq	.L10
 180 000c 022B     		cmp	r3, #2
 181 000e 15DC     		bgt	.L15
 182 0010 002B     		cmp	r3, #0
 183 0012 02D0     		beq	.L12
 184 0014 012B     		cmp	r3, #1
 185 0016 13D0     		beq	.L16
  71:../app/bus.c  **** 	{
  72:../app/bus.c  **** 		case BUS_INIT_STATE:
  73:../app/bus.c  **** 			display_init();
  74:../app/bus.c  **** 			bus_dbg_period = 0;
  75:../app/bus.c  **** 			bus_task_step = BUS_RUN_STATE;
  76:../app/bus.c  **** 			break;
  77:../app/bus.c  **** 		case BUS_RUN_STATE:
  78:../app/bus.c  **** 			gd_addbg_out();
  79:../app/bus.c  **** 			gd_combus_cbfunc();
  80:../app/bus.c  **** 			osal_lyh_delay_task(Ms_10);
  81:../app/bus.c  **** 			break;
  82:../app/bus.c  **** 		case BUS_IDLE_STATE:
  83:../app/bus.c  **** 			break;
  84:../app/bus.c  **** 		default:
  85:../app/bus.c  **** 			break;
 186              		.loc 1 85 4
 187 0018 10E0     		b	.L15
 188              	.L12:
  73:../app/bus.c  **** 			bus_dbg_period = 0;
 189              		.loc 1 73 4
 190 001a FFF7FEFF 		bl	display_init
  74:../app/bus.c  **** 			bus_task_step = BUS_RUN_STATE;
 191              		.loc 1 74 19
 192 001e 0B4B     		ldr	r3, .L18+4
 193 0020 0022     		movs	r2, #0
 194 0022 1A70     		strb	r2, [r3]
  75:../app/bus.c  **** 			break;
 195              		.loc 1 75 18
 196 0024 084B     		ldr	r3, .L18
 197 0026 0222     		movs	r2, #2
 198 0028 1A70     		strb	r2, [r3]
  76:../app/bus.c  **** 		case BUS_RUN_STATE:
 199              		.loc 1 76 4
 200 002a 0AE0     		b	.L14
 201              	.L10:
  78:../app/bus.c  **** 			gd_combus_cbfunc();
 202              		.loc 1 78 4
 203 002c FFF7FEFF 		bl	gd_addbg_out
  79:../app/bus.c  **** 			osal_lyh_delay_task(Ms_10);
 204              		.loc 1 79 4
 205 0030 FFF7FEFF 		bl	gd_combus_cbfunc
  80:../app/bus.c  **** 			break;
 206              		.loc 1 80 4
 207 0034 0A20     		movs	r0, #10
 208 0036 FFF7FEFF 		bl	osal_lyh_delay_task
  81:../app/bus.c  **** 		case BUS_IDLE_STATE:
 209              		.loc 1 81 4
 210 003a 02E0     		b	.L14
 211              	.L15:
 212              		.loc 1 85 4
 213 003c 00BF     		nop
 214 003e 00E0     		b	.L17
 215              	.L16:
  83:../app/bus.c  **** 		default:
 216              		.loc 1 83 4
 217 0040 00BF     		nop
 218              	.L14:
 219              	.L17:
  86:../app/bus.c  **** 	}
  87:../app/bus.c  **** }
 220              		.loc 1 87 1
 221 0042 00BF     		nop
 222 0044 80BD     		pop	{r7, pc}
 223              	.L19:
 224 0046 00BF     		.align	2
 225              	.L18:
 226 0048 00000000 		.word	bus_task_step
 227 004c 00000000 		.word	bus_dbg_period
 228              		.cfi_endproc
 229              	.LFE121:
 231              		.section	.text.bus_event_handler,"ax",%progbits
 232              		.align	1
 233              		.global	bus_event_handler
 234              		.syntax unified
 235              		.thumb
 236              		.thumb_func
 237              		.fpu softvfp
 239              	bus_event_handler:
 240              	.LFB122:
  88:../app/bus.c  **** 
  89:../app/bus.c  **** /************************************************************************
  90:../app/bus.c  **** * function name: bus_processEvent
  91:../app/bus.c  **** * input: non
  92:../app/bus.c  **** * output: non
  93:../app/bus.c  **** * description: this object's message loop
  94:../app/bus.c  **** *************************************************************************/
  95:../app/bus.c  **** uint32_t bus_event_handler( uint8_t task_id, uint32_t events)
  96:../app/bus.c  **** {
 241              		.loc 1 96 1
 242              		.cfi_startproc
 243              		@ args = 0, pretend = 0, frame = 8
 244              		@ frame_needed = 1, uses_anonymous_args = 0
 245              		@ link register save eliminated.
 246 0000 80B4     		push	{r7}
 247              		.cfi_def_cfa_offset 4
 248              		.cfi_offset 7, -4
 249 0002 83B0     		sub	sp, sp, #12
 250              		.cfi_def_cfa_offset 16
 251 0004 00AF     		add	r7, sp, #0
 252              		.cfi_def_cfa_register 7
 253 0006 0346     		mov	r3, r0
 254 0008 3960     		str	r1, [r7]
 255 000a FB71     		strb	r3, [r7, #7]
  97:../app/bus.c  **** 	if (bus_id != task_id){
 256              		.loc 1 97 13
 257 000c 064B     		ldr	r3, .L23
 258 000e 1B78     		ldrb	r3, [r3]	@ zero_extendqisi2
 259              		.loc 1 97 5
 260 0010 FA79     		ldrb	r2, [r7, #7]	@ zero_extendqisi2
 261 0012 9A42     		cmp	r2, r3
 262 0014 01D0     		beq	.L21
  98:../app/bus.c  **** 		return events;
 263              		.loc 1 98 10
 264 0016 3B68     		ldr	r3, [r7]
 265 0018 00E0     		b	.L22
 266              	.L21:
  99:../app/bus.c  **** 	}
 100:../app/bus.c  **** 	return events;
 267              		.loc 1 100 9
 268 001a 3B68     		ldr	r3, [r7]
 269              	.L22:
 101:../app/bus.c  **** }
 270              		.loc 1 101 1
 271 001c 1846     		mov	r0, r3
 272 001e 0C37     		adds	r7, r7, #12
 273              		.cfi_def_cfa_offset 4
 274 0020 BD46     		mov	sp, r7
 275              		.cfi_def_cfa_register 13
 276              		@ sp needed
 277 0022 80BC     		pop	{r7}
 278              		.cfi_restore 7
 279              		.cfi_def_cfa_offset 0
 280 0024 7047     		bx	lr
 281              	.L24:
 282 0026 00BF     		.align	2
 283              	.L23:
 284 0028 00000000 		.word	bus_id
 285              		.cfi_endproc
 286              	.LFE122:
 288              		.text
 289              	.Letext0:
 290              		.file 2 "d:\\project\\coffee\\ide\\tools\\gnu tools arm embedded\\xpack-arm-none-eabi-gcc\\9.2.1-1
 291              		.file 3 "d:\\project\\coffee\\ide\\tools\\gnu tools arm embedded\\xpack-arm-none-eabi-gcc\\9.2.1-1
 292              		.file 4 "d:\\project\\coffee\\ide\\tools\\gnu tools arm embedded\\xpack-arm-none-eabi-gcc\\9.2.1-1
 293              		.file 5 "d:\\project\\coffee\\ide\\tools\\gnu tools arm embedded\\xpack-arm-none-eabi-gcc\\9.2.1-1
 294              		.file 6 "d:\\project\\coffee\\ide\\tools\\gnu tools arm embedded\\xpack-arm-none-eabi-gcc\\9.2.1-1
 295              		.file 7 "d:\\project\\coffee\\ide\\tools\\gnu tools arm embedded\\xpack-arm-none-eabi-gcc\\9.2.1-1
 296              		.file 8 "../Firmware/CMSIS/core_cm4.h"
 297              		.file 9 "../Firmware/CMSIS/GD/GD32F30x/Include/system_gd32f30x.h"
 298              		.file 10 "../osal/os_lyh_core.h"
 299              		.file 11 "../app/display.h"
 300              		.file 12 "../app/usart.h"
 301              		.file 13 "../app/adc.h"
 302              		.file 14 "../app/bus.h"
 303              		.file 15 "../Firmware/GD32F30x_standard_peripheral/Include/gd32f30x_dbg.h"
DEFINED SYMBOLS
                            *ABS*:00000000 bus.c
                            *COM*:00000001 bus_id
                            *COM*:00000001 bus_task_step
                            *COM*:00000001 bus_dbg_period
C:\Users\user001\AppData\Local\Temp\cc7atoVh.s:19     .rodata:00000000 $d
C:\Users\user001\AppData\Local\Temp\cc7atoVh.s:23     .text.gd_addbg_out:00000000 $t
C:\Users\user001\AppData\Local\Temp\cc7atoVh.s:31     .text.gd_addbg_out:00000000 gd_addbg_out
C:\Users\user001\AppData\Local\Temp\cc7atoVh.s:99     .text.gd_addbg_out:00000054 $d
C:\Users\user001\AppData\Local\Temp\cc7atoVh.s:105    .text.init_bus_task:00000000 $t
C:\Users\user001\AppData\Local\Temp\cc7atoVh.s:112    .text.init_bus_task:00000000 init_bus_task
C:\Users\user001\AppData\Local\Temp\cc7atoVh.s:150    .text.init_bus_task:00000020 $d
C:\Users\user001\AppData\Local\Temp\cc7atoVh.s:156    .text.bus_task_handler:00000000 $t
C:\Users\user001\AppData\Local\Temp\cc7atoVh.s:163    .text.bus_task_handler:00000000 bus_task_handler
C:\Users\user001\AppData\Local\Temp\cc7atoVh.s:226    .text.bus_task_handler:00000048 $d
C:\Users\user001\AppData\Local\Temp\cc7atoVh.s:232    .text.bus_event_handler:00000000 $t
C:\Users\user001\AppData\Local\Temp\cc7atoVh.s:239    .text.bus_event_handler:00000000 bus_event_handler
C:\Users\user001\AppData\Local\Temp\cc7atoVh.s:284    .text.bus_event_handler:00000028 $d
                           .group:00000000 wm4.0.0b2cbd0a579afdcbc37120f4ceb86892
                           .group:00000000 wm4._newlib_version.h.4.9ba035841e762c3308916a0ce96032e7
                           .group:00000000 wm4.newlib.h.18.ac66930cc5dc086504ebba5cc05ab7f1
                           .group:00000000 wm4.ieeefp.h.77.d5685ba212d3ed6e914898d045f873e3
                           .group:00000000 wm4.features.h.22.fad1cec3bc7ff06488171438dbdcfd02
                           .group:00000000 wm4.config.h.220.6cac6a9685cfce5e83c17784171638d9
                           .group:00000000 wm4._ansi.h.31.de524f58584151836e90d8620a16f8e8
                           .group:00000000 wm4.stdio.h.31.7c0e28c411445f3f9c5b11accf882760
                           .group:00000000 wm4._default_types.h.6.959254cf5f09734ea7516c89e8bb21bd
                           .group:00000000 wm4.stddef.h.181.c3f52a3b0f4c288bddb5dda1562858e2
                           .group:00000000 wm4.cdefs.h.49.6260d97adb8d27534cbdc0f868b8ea87
                           .group:00000000 wm4.stddef.h.39.b727a6c3269d9d6ef9fc646b721a8287
                           .group:00000000 wm4.stdarg.h.34.3a23a216c0c293b3d2ea2e89281481e6
                           .group:00000000 wm4.lock.h.2.1461d1fff82dffe8bfddc23307f6484f
                           .group:00000000 wm4._types.h.125.5cf8a495f1f7ef36777ad868a1e32068
                           .group:00000000 wm4.stddef.h.155.3588ebfdd1e8c7ede80509bb9c3b8009
                           .group:00000000 wm4._types.h.184.03611d4f6b5bec9997bcf4279eceba07
                           .group:00000000 wm4.reent.h.17.90c2574d4acdcfce933db5cb09ff35fe
                           .group:00000000 wm4.types.h.40.e8c16e7ec36ba55f133d0616070e25fc
                           .group:00000000 wm4._stdint.h.10.c24fa3af3bc1706662bb5593a907e841
                           .group:00000000 wm4._endian.h.31.65a10590763c3dde1ac4a7f66d7d4891
                           .group:00000000 wm4.endian.h.9.49f3a4695c1b61e8a0808de3c4a106cb
                           .group:00000000 wm4._timeval.h.30.0e8bfd94e85db17dda3286ee81496fe6
                           .group:00000000 wm4.timespec.h.41.d855182eb0e690443ab8651bcedca6e1
                           .group:00000000 wm4.select.h.19.97ca6fd0c752a0f3b6719fd314d361e6
                           .group:00000000 wm4.types.h.69.ed3eae3cf73030a737515151ebcab7a1
                           .group:00000000 wm4.sched.h.22.c60982713a5c428609783c78f9c78d95
                           .group:00000000 wm4._pthreadtypes.h.36.fcee9961c35163dde6267ef772ad1972
                           .group:00000000 wm4.stdio.h.2.4aa87247282eca6c8f36f9de33d8df1a
                           .group:00000000 wm4.stdio.h.81.932d0c162786b883f622b8d05c120c78
                           .group:00000000 wm4.string.h.8.c4b8571ce60dff2817f43fec8b86aecd
                           .group:00000000 wm4.stddef.h.155.ba788add86a0e365f264484f110c3c29
                           .group:00000000 wm4.gd32f30x.h.39.a203e36f89dbb1753b66e1e665732b11
                           .group:00000000 wm4.core_cm4.h.47.434d5634a5df7142236685d6945e71d7
                           .group:00000000 wm4._intsup.h.10.cce27fed8484c08a33f522034c30d2b5
                           .group:00000000 wm4.stdint.h.23.d53047a68f4a85177f80b422d52785ed
                           .group:00000000 wm4.core_cmInstr.h.25.d8165482ef3061013a2fc83e2d85f3d9
                           .group:00000000 wm4.core_cm4_simd.h.43.bf657009d9c246d6ac6e7b120cdd899a
                           .group:00000000 wm4.core_cm4.h.196.6f0a9ac4bbc7fecc10f22e6a71f29e52
                           .group:00000000 wm4.system_gd32f30x.h.38.120525a84dcd3d76a4734e6bcde7b49c
                           .group:00000000 wm4.gd32f30x.h.294.5e6753de52124d3e3ab34f8aafd628cc
                           .group:00000000 wm4.gd32f30x_rcu.h.41.eb7011467c51e1274d4ea5dfbe3b7403
                           .group:00000000 wm4.gd32f30x_adc.h.36.124b47377c29d63ea85a6515ff99e7d0
                           .group:00000000 wm4.gd32f30x_can.h.36.85eb2b9bdffce148e9f2cf53e35a47f8
                           .group:00000000 wm4.gd32f30x_crc.h.36.3e50e7397bf79ecca0d280169ab2b7e1
                           .group:00000000 wm4.gd32f30x_ctc.h.36.42aeab0e42f8a7b6cc58608cdc08a712
                           .group:00000000 wm4.gd32f30x_dac.h.36.f867e713911fc6770d5f38223b88a122
                           .group:00000000 wm4.gd32f30x_dbg.h.36.4d3777753862ded915f1f9e71f4c290a
                           .group:00000000 wm4.gd32f30x_dma.h.36.00aa3536820feed4ebeab0c0060e7723
                           .group:00000000 wm4.gd32f30x_exti.h.36.64affc4e75ae7f53393e90b0bfc38f38
                           .group:00000000 wm4.gd32f30x_fmc.h.37.17b3f65aacec1755989aca30031b6a7c
                           .group:00000000 wm4.gd32f30x_fwdgt.h.36.1e7c1bfe259ede52150f5b1c58591a95
                           .group:00000000 wm4.gd32f30x_gpio.h.36.faffc48a681d1163918cf519d3cc7454
                           .group:00000000 wm4.gd32f30x_i2c.h.36.5765e4fd7e67145781f52c3602fdf526
                           .group:00000000 wm4.gd32f30x_pmu.h.37.9dd0def5d1159a6e20d49fadc0da3d91
                           .group:00000000 wm4.gd32f30x_bkp.h.36.74dcfa31c344ae6ddc6f3a850e1b1f1c
                           .group:00000000 wm4.gd32f30x_rtc.h.37.6e2dc4b1c1143d8443b19d8b8578e187
                           .group:00000000 wm4.gd32f30x_sdio.h.36.6dde0ac1ffebc8ac87750ca48ebf5355
                           .group:00000000 wm4.gd32f30x_spi.h.36.761dbcfdf151612384a2a7e1dfbd70a2
                           .group:00000000 wm4.gd32f30x_timer.h.36.aa3a076608594e31d0be360d6248cd0c
                           .group:00000000 wm4.gd32f30x_usart.h.36.c16033d6419d9317c5e1d5c9a4db894a
                           .group:00000000 wm4.gd32f30x_wwdgt.h.37.074fc90df4806e0bcba242ad61cb154f
                           .group:00000000 wm4.gd32f30x_misc.h.36.ca5ec56efc9d42fdcdbc33fa419c4320
                           .group:00000000 wm4.gd32f30x_enet.h.36.7f39b2eaaae239e349e809a8bdf838ed
                           .group:00000000 wm4.gd32f30x_exmc.h.36.6a5eb51a45aba96edb0f318836bccfc7
                           .group:00000000 wm4.os_lyh_config.h.10.213390af792f8ee185e77ca0b801ca99
                           .group:00000000 wm4.os_msg.h.10.6d1c8ec1318f505fcb411ccb9c4983d1
                           .group:00000000 wm4.os_lyh_core.h.21.da159c9c8e09d857b8c2a987141693aa
                           .group:00000000 wm4.configboard.h.3.5d7999deb151db360ef411cbf30581d9
                           .group:00000000 wm4.display.h.19.4afe06d8dfd6c2f3df25f7cc51049b44
                           .group:00000000 wm4.usart.h.19.b0b7cc356d4f06c8ed965d5c47dabfa0
                           .group:00000000 wm4.adc.h.19.b7b71ccc5b83f495b1d7f2c83649d46d
                           .group:00000000 wm4.bus.h.3.a465a57b5875cb795e07144007272b88

UNDEFINED SYMBOLS
gd_adc_get
printf
display_init
gd_combus_cbfunc
osal_lyh_delay_task
