   1              		.cpu cortex-m4
   2              		.eabi_attribute 20, 1
   3              		.eabi_attribute 21, 1
   4              		.eabi_attribute 23, 3
   5              		.eabi_attribute 24, 1
   6              		.eabi_attribute 25, 1
   7              		.eabi_attribute 26, 1
   8              		.eabi_attribute 30, 6
   9              		.eabi_attribute 34, 1
  10              		.eabi_attribute 18, 4
  11              		.file	"gpio.c"
  12              		.text
  13              	.Ltext0:
  14              		.cfi_sections	.debug_frame
  15              		.section	.text.gd_remap_Init,"ax",%progbits
  16              		.align	1
  17              		.global	gd_remap_Init
  18              		.arch armv7e-m
  19              		.syntax unified
  20              		.thumb
  21              		.thumb_func
  22              		.fpu softvfp
  24              	gd_remap_Init:
  25              	.LFB116:
  26              		.file 1 "../app/gpio.c"
   1:../app/gpio.c **** /* USER CODE BEGIN Header */
   2:../app/gpio.c **** /**
   3:../app/gpio.c ****   ******************************************************************************
   4:../app/gpio.c ****   * @file    gpio.c
   5:../app/gpio.c ****   * @brief   This file provides code for the configuration
   6:../app/gpio.c ****   *          of all used GPIO pins.
   7:../app/gpio.c ****   ******************************************************************************
   8:../app/gpio.c ****   * @attention
   9:../app/gpio.c ****   *
  10:../app/gpio.c ****   * This software is licensed under terms that can be found in the LICENSE file
  11:../app/gpio.c ****   * in the root directory of this software component.
  12:../app/gpio.c ****   * If no LICENSE file comes with this software, it is provided AS-IS.
  13:../app/gpio.c ****   *
  14:../app/gpio.c ****   ******************************************************************************
  15:../app/gpio.c ****   */
  16:../app/gpio.c **** /* USER CODE END Header */
  17:../app/gpio.c **** 
  18:../app/gpio.c **** /* Includes ------------------------------------------------------------------*/
  19:../app/gpio.c **** #include "gd32f30x.h"
  20:../app/gpio.c **** #include "configboard.h"
  21:../app/gpio.c **** #include "gpio.h"
  22:../app/gpio.c **** 
  23:../app/gpio.c **** /* USER CODE BEGIN 0 */
  24:../app/gpio.c **** 
  25:../app/gpio.c **** /* USER CODE END 0 */
  26:../app/gpio.c **** 
  27:../app/gpio.c **** /*----------------------------------------------------------------------------*/
  28:../app/gpio.c **** /* Configure GPIO                                                             */
  29:../app/gpio.c **** /*----------------------------------------------------------------------------*/
  30:../app/gpio.c **** /* USER CODE BEGIN 1 */
  31:../app/gpio.c **** 
  32:../app/gpio.c **** /* USER CODE END 1 */
  33:../app/gpio.c **** void gd_remap_Init(void)
  34:../app/gpio.c **** {
  27              		.loc 1 34 1
  28              		.cfi_startproc
  29              		@ args = 0, pretend = 0, frame = 0
  30              		@ frame_needed = 1, uses_anonymous_args = 0
  31 0000 80B5     		push	{r7, lr}
  32              		.cfi_def_cfa_offset 8
  33              		.cfi_offset 7, -8
  34              		.cfi_offset 14, -4
  35 0002 00AF     		add	r7, sp, #0
  36              		.cfi_def_cfa_register 7
  35:../app/gpio.c **** 	/* GPIO Ports Clock Enable */
  36:../app/gpio.c **** 	rcu_periph_clock_enable(RCU_AF);
  37              		.loc 1 36 2
  38 0004 4FF4C060 		mov	r0, #1536
  39 0008 FFF7FEFF 		bl	rcu_periph_clock_enable
  37:../app/gpio.c **** 	gpio_pin_remap_config(GPIO_SWJ_SWDPENABLE_REMAP, ENABLE);
  40              		.loc 1 37 2
  41 000c 0121     		movs	r1, #1
  42 000e 0548     		ldr	r0, .L2
  43 0010 FFF7FEFF 		bl	gpio_pin_remap_config
  38:../app/gpio.c **** 	gpio_pin_remap_config(GPIO_PD01_REMAP, ENABLE);
  44              		.loc 1 38 2
  45 0014 0121     		movs	r1, #1
  46 0016 4FF40040 		mov	r0, #32768
  47 001a FFF7FEFF 		bl	gpio_pin_remap_config
  39:../app/gpio.c **** }
  48              		.loc 1 39 1
  49 001e 00BF     		nop
  50 0020 80BD     		pop	{r7, pc}
  51              	.L3:
  52 0022 00BF     		.align	2
  53              	.L2:
  54 0024 00023000 		.word	3146240
  55              		.cfi_endproc
  56              	.LFE116:
  58              		.section	.text.gd_gpio_Init,"ax",%progbits
  59              		.align	1
  60              		.global	gd_gpio_Init
  61              		.syntax unified
  62              		.thumb
  63              		.thumb_func
  64              		.fpu softvfp
  66              	gd_gpio_Init:
  67              	.LFB117:
  40:../app/gpio.c **** 
  41:../app/gpio.c **** /** Configure pins as
  42:../app/gpio.c ****         * Analog
  43:../app/gpio.c ****         * Input
  44:../app/gpio.c ****         * Output
  45:../app/gpio.c ****         * EVENT_OUT
  46:../app/gpio.c ****         * EXTI
  47:../app/gpio.c **** */
  48:../app/gpio.c **** void gd_gpio_Init(void)
  49:../app/gpio.c **** {
  68              		.loc 1 49 1
  69              		.cfi_startproc
  70              		@ args = 0, pretend = 0, frame = 0
  71              		@ frame_needed = 1, uses_anonymous_args = 0
  72 0000 80B5     		push	{r7, lr}
  73              		.cfi_def_cfa_offset 8
  74              		.cfi_offset 7, -8
  75              		.cfi_offset 14, -4
  76 0002 00AF     		add	r7, sp, #0
  77              		.cfi_def_cfa_register 7
  50:../app/gpio.c ****   /* GPIO Ports Clock Enable */
  51:../app/gpio.c ****     rcu_periph_clock_enable(RCU_GPIOA);
  78              		.loc 1 51 5
  79 0004 40F20260 		movw	r0, #1538
  80 0008 FFF7FEFF 		bl	rcu_periph_clock_enable
  52:../app/gpio.c ****     rcu_periph_clock_enable(RCU_GPIOB);
  81              		.loc 1 52 5
  82 000c 40F20360 		movw	r0, #1539
  83 0010 FFF7FEFF 		bl	rcu_periph_clock_enable
  53:../app/gpio.c ****     rcu_periph_clock_enable(RCU_GPIOC);
  84              		.loc 1 53 5
  85 0014 40F20460 		movw	r0, #1540
  86 0018 FFF7FEFF 		bl	rcu_periph_clock_enable
  54:../app/gpio.c ****     rcu_periph_clock_enable(RCU_GPIOD);
  87              		.loc 1 54 5
  88 001c 40F20560 		movw	r0, #1541
  89 0020 FFF7FEFF 		bl	rcu_periph_clock_enable
  55:../app/gpio.c **** 
  56:../app/gpio.c ****     /* configure key pin as input */
  57:../app/gpio.c ****     WKUP_CONFIG();
  90              		.loc 1 57 5
  91 0024 0123     		movs	r3, #1
  92 0026 0122     		movs	r2, #1
  93 0028 4821     		movs	r1, #72
  94 002a 6648     		ldr	r0, .L5
  95 002c FFF7FEFF 		bl	gpio_init
  58:../app/gpio.c ****     P3V_DET_CONFIG();
  96              		.loc 1 58 5
  97 0030 2023     		movs	r3, #32
  98 0032 0122     		movs	r2, #1
  99 0034 2821     		movs	r1, #40
 100 0036 6448     		ldr	r0, .L5+4
 101 0038 FFF7FEFF 		bl	gpio_init
  59:../app/gpio.c ****     WATER_DET_CONFIG();
 102              		.loc 1 59 5
 103 003c 4FF48053 		mov	r3, #4096
 104 0040 0122     		movs	r2, #1
 105 0042 0421     		movs	r1, #4
 106 0044 5F48     		ldr	r0, .L5
 107 0046 FFF7FEFF 		bl	gpio_init
  60:../app/gpio.c ****     METER_DET_CONFIG();
 108              		.loc 1 60 5
 109 004a 1023     		movs	r3, #16
 110 004c 0122     		movs	r2, #1
 111 004e 0421     		movs	r1, #4
 112 0050 5D48     		ldr	r0, .L5+4
 113 0052 FFF7FEFF 		bl	gpio_init
  61:../app/gpio.c ****     PALLET_DET_CONFIG();
 114              		.loc 1 61 5
 115 0056 4FF40053 		mov	r3, #8192
 116 005a 0122     		movs	r2, #1
 117 005c 0421     		movs	r1, #4
 118 005e 5A48     		ldr	r0, .L5+4
 119 0060 FFF7FEFF 		bl	gpio_init
  62:../app/gpio.c ****     MOTOR_DET_CONFIG();
 120              		.loc 1 62 5
 121 0064 4FF48073 		mov	r3, #256
 122 0068 0122     		movs	r2, #1
 123 006a 0421     		movs	r1, #4
 124 006c 5548     		ldr	r0, .L5
 125 006e FFF7FEFF 		bl	gpio_init
  63:../app/gpio.c **** 
  64:../app/gpio.c ****     //BUZZER_CONFIG();
  65:../app/gpio.c ****     //ClrBUZZER_Low();
  66:../app/gpio.c ****     RELAY1_CONFIG();
 126              		.loc 1 66 5
 127 0072 2023     		movs	r3, #32
 128 0074 0122     		movs	r2, #1
 129 0076 1021     		movs	r1, #16
 130 0078 5248     		ldr	r0, .L5
 131 007a FFF7FEFF 		bl	gpio_init
  67:../app/gpio.c ****     ClrRelay1_Off();
 132              		.loc 1 67 5
 133 007e 2021     		movs	r1, #32
 134 0080 5048     		ldr	r0, .L5
 135 0082 FFF7FEFF 		bl	gpio_bit_reset
  68:../app/gpio.c ****     RELAY2_CONFIG();
 136              		.loc 1 68 5
 137 0086 4023     		movs	r3, #64
 138 0088 0122     		movs	r2, #1
 139 008a 1021     		movs	r1, #16
 140 008c 4D48     		ldr	r0, .L5
 141 008e FFF7FEFF 		bl	gpio_init
  69:../app/gpio.c ****     ClrRelay2_Off();
 142              		.loc 1 69 5
 143 0092 4021     		movs	r1, #64
 144 0094 4B48     		ldr	r0, .L5
 145 0096 FFF7FEFF 		bl	gpio_bit_reset
  70:../app/gpio.c **** 
  71:../app/gpio.c ****     GRIND_CONFIG();
 146              		.loc 1 71 5
 147 009a 8023     		movs	r3, #128
 148 009c 0122     		movs	r2, #1
 149 009e 1021     		movs	r1, #16
 150 00a0 4848     		ldr	r0, .L5
 151 00a2 FFF7FEFF 		bl	gpio_init
  72:../app/gpio.c ****     ClrGrind_Off();
 152              		.loc 1 72 5
 153 00a6 8021     		movs	r1, #128
 154 00a8 4648     		ldr	r0, .L5
 155 00aa FFF7FEFF 		bl	gpio_bit_reset
  73:../app/gpio.c ****    
  74:../app/gpio.c ****     POWER_5V_CONFIG();
 156              		.loc 1 74 5
 157 00ae 0423     		movs	r3, #4
 158 00b0 0122     		movs	r2, #1
 159 00b2 1021     		movs	r1, #16
 160 00b4 4448     		ldr	r0, .L5+4
 161 00b6 FFF7FEFF 		bl	gpio_init
  75:../app/gpio.c ****     SetPower_5V_On();
 162              		.loc 1 75 5
 163 00ba 0421     		movs	r1, #4
 164 00bc 4248     		ldr	r0, .L5+4
 165 00be FFF7FEFF 		bl	gpio_bit_set
  76:../app/gpio.c **** 
  77:../app/gpio.c ****     POWER_3V_CONFIG();
 166              		.loc 1 77 5
 167 00c2 4FF48053 		mov	r3, #4096
 168 00c6 0122     		movs	r2, #1
 169 00c8 1021     		movs	r1, #16
 170 00ca 3F48     		ldr	r0, .L5+4
 171 00cc FFF7FEFF 		bl	gpio_init
  78:../app/gpio.c ****     SetPower_3V_On();
 172              		.loc 1 78 5
 173 00d0 4FF48051 		mov	r1, #4096
 174 00d4 3C48     		ldr	r0, .L5+4
 175 00d6 FFF7FEFF 		bl	gpio_bit_reset
  79:../app/gpio.c **** 
  80:../app/gpio.c ****     IIC_SCL_CONFIG();
 176              		.loc 1 80 5
 177 00da 4FF48063 		mov	r3, #1024
 178 00de 0122     		movs	r2, #1
 179 00e0 1021     		movs	r1, #16
 180 00e2 3948     		ldr	r0, .L5+4
 181 00e4 FFF7FEFF 		bl	gpio_init
  81:../app/gpio.c ****     Setiic_scl_High();
 182              		.loc 1 81 5
 183 00e8 4FF48061 		mov	r1, #1024
 184 00ec 3648     		ldr	r0, .L5+4
 185 00ee FFF7FEFF 		bl	gpio_bit_set
  82:../app/gpio.c **** 
  83:../app/gpio.c ****     IIC_SDA_CONFIG();
 186              		.loc 1 83 5
 187 00f2 4FF40063 		mov	r3, #2048
 188 00f6 0122     		movs	r2, #1
 189 00f8 1021     		movs	r1, #16
 190 00fa 3348     		ldr	r0, .L5+4
 191 00fc FFF7FEFF 		bl	gpio_init
  84:../app/gpio.c ****     Setiic_sda_High();
 192              		.loc 1 84 5
 193 0100 4FF40061 		mov	r1, #2048
 194 0104 3048     		ldr	r0, .L5+4
 195 0106 FFF7FEFF 		bl	gpio_bit_set
  85:../app/gpio.c **** 
  86:../app/gpio.c ****     PUMB_CONFIG();
 196              		.loc 1 86 5
 197 010a 4023     		movs	r3, #64
 198 010c 0122     		movs	r2, #1
 199 010e 1021     		movs	r1, #16
 200 0110 2D48     		ldr	r0, .L5+4
 201 0112 FFF7FEFF 		bl	gpio_init
  87:../app/gpio.c ****     ClrPumb_Off();
 202              		.loc 1 87 5
 203 0116 4021     		movs	r1, #64
 204 0118 2B48     		ldr	r0, .L5+4
 205 011a FFF7FEFF 		bl	gpio_bit_reset
  88:../app/gpio.c **** 
  89:../app/gpio.c ****     HEAT_CONFIG();
 206              		.loc 1 89 5
 207 011e 8023     		movs	r3, #128
 208 0120 0122     		movs	r2, #1
 209 0122 1021     		movs	r1, #16
 210 0124 2848     		ldr	r0, .L5+4
 211 0126 FFF7FEFF 		bl	gpio_init
  90:../app/gpio.c ****     ClrHeat_Off();	
 212              		.loc 1 90 5
 213 012a 8021     		movs	r1, #128
 214 012c 2648     		ldr	r0, .L5+4
 215 012e FFF7FEFF 		bl	gpio_bit_reset
  91:../app/gpio.c **** 	
  92:../app/gpio.c ****     ZERO_CONFIG();	
 216              		.loc 1 92 5
 217 0132 4FF48073 		mov	r3, #256
 218 0136 0122     		movs	r2, #1
 219 0138 1021     		movs	r1, #16
 220 013a 2348     		ldr	r0, .L5+4
 221 013c FFF7FEFF 		bl	gpio_init
  93:../app/gpio.c ****     ClrZero_Off();		// alway low, no used
 222              		.loc 1 93 5
 223 0140 4FF48071 		mov	r1, #256
 224 0144 2048     		ldr	r0, .L5+4
 225 0146 FFF7FEFF 		bl	gpio_bit_reset
  94:../app/gpio.c **** 
  95:../app/gpio.c ****     MOTOR_IN1_CONFIG();
 226              		.loc 1 95 5
 227 014a 4FF48043 		mov	r3, #16384
 228 014e 0122     		movs	r2, #1
 229 0150 1021     		movs	r1, #16
 230 0152 1D48     		ldr	r0, .L5+4
 231 0154 FFF7FEFF 		bl	gpio_init
  96:../app/gpio.c ****     ClrMotor_IN1_Low();
 232              		.loc 1 96 5
 233 0158 4FF48041 		mov	r1, #16384
 234 015c 1A48     		ldr	r0, .L5+4
 235 015e FFF7FEFF 		bl	gpio_bit_reset
  97:../app/gpio.c **** 
  98:../app/gpio.c ****     MOTOR_IN2_CONFIG();
 236              		.loc 1 98 5
 237 0162 4FF40043 		mov	r3, #32768
 238 0166 0122     		movs	r2, #1
 239 0168 1021     		movs	r1, #16
 240 016a 1748     		ldr	r0, .L5+4
 241 016c FFF7FEFF 		bl	gpio_init
  99:../app/gpio.c ****     ClrMotor_IN2_Low();
 242              		.loc 1 99 5
 243 0170 4FF40041 		mov	r1, #32768
 244 0174 1448     		ldr	r0, .L5+4
 245 0176 FFF7FEFF 		bl	gpio_bit_reset
 100:../app/gpio.c **** 
 101:../app/gpio.c ****     DBG_TEST3_CONFIG();
 246              		.loc 1 101 5
 247 017a 4FF40053 		mov	r3, #8192
 248 017e 0222     		movs	r2, #2
 249 0180 1021     		movs	r1, #16
 250 0182 1248     		ldr	r0, .L5+8
 251 0184 FFF7FEFF 		bl	gpio_init
 102:../app/gpio.c ****     DBG_TEST4_CONFIG();
 252              		.loc 1 102 5
 253 0188 4FF40043 		mov	r3, #32768
 254 018c 0122     		movs	r2, #1
 255 018e 1021     		movs	r1, #16
 256 0190 0C48     		ldr	r0, .L5
 257 0192 FFF7FEFF 		bl	gpio_init
 103:../app/gpio.c ****     NC2_CONFIG()
 258              		.loc 1 103 5
 259 0196 0823     		movs	r3, #8
 260 0198 0122     		movs	r2, #1
 261 019a 4821     		movs	r1, #72
 262 019c 0A48     		ldr	r0, .L5+4
 263 019e FFF7FEFF 		bl	gpio_init
 104:../app/gpio.c ****     NC3_CONFIG()
 264              		.loc 1 104 5
 265 01a2 4FF48043 		mov	r3, #16384
 266 01a6 0222     		movs	r2, #2
 267 01a8 4821     		movs	r1, #72
 268 01aa 0848     		ldr	r0, .L5+8
 269 01ac FFF7FEFF 		bl	gpio_init
 105:../app/gpio.c ****     NC4_CONFIG()
 270              		.loc 1 105 5
 271 01b0 4FF40043 		mov	r3, #32768
 272 01b4 0222     		movs	r2, #2
 273 01b6 4821     		movs	r1, #72
 274 01b8 0448     		ldr	r0, .L5+8
 275 01ba FFF7FEFF 		bl	gpio_init
 106:../app/gpio.c **** }
 276              		.loc 1 106 1
 277 01be 00BF     		nop
 278 01c0 80BD     		pop	{r7, pc}
 279              	.L6:
 280 01c2 00BF     		.align	2
 281              	.L5:
 282 01c4 00080140 		.word	1073809408
 283 01c8 000C0140 		.word	1073810432
 284 01cc 00100140 		.word	1073811456
 285              		.cfi_endproc
 286              	.LFE117:
 288              		.text
 289              	.Letext0:
 290              		.file 2 "d:\\project\\coffee\\ide\\tools\\gnu tools arm embedded\\xpack-arm-none-eabi-gcc\\9.2.1-1
 291              		.file 3 "d:\\project\\coffee\\ide\\tools\\gnu tools arm embedded\\xpack-arm-none-eabi-gcc\\9.2.1-1
 292              		.file 4 "../Firmware/CMSIS/core_cm4.h"
 293              		.file 5 "../Firmware/CMSIS/GD/GD32F30x/Include/system_gd32f30x.h"
 294              		.file 6 "../Firmware/CMSIS/GD/GD32F30x/Include/gd32f30x.h"
 295              		.file 7 "../Firmware/GD32F30x_standard_peripheral/Include/gd32f30x_rcu.h"
DEFINED SYMBOLS
                            *ABS*:00000000 gpio.c
C:\Users\user001\AppData\Local\Temp\cchAJBj4.s:16     .text.gd_remap_Init:00000000 $t
C:\Users\user001\AppData\Local\Temp\cchAJBj4.s:24     .text.gd_remap_Init:00000000 gd_remap_Init
C:\Users\user001\AppData\Local\Temp\cchAJBj4.s:54     .text.gd_remap_Init:00000024 $d
C:\Users\user001\AppData\Local\Temp\cchAJBj4.s:59     .text.gd_gpio_Init:00000000 $t
C:\Users\user001\AppData\Local\Temp\cchAJBj4.s:66     .text.gd_gpio_Init:00000000 gd_gpio_Init
C:\Users\user001\AppData\Local\Temp\cchAJBj4.s:282    .text.gd_gpio_Init:000001c4 $d
                           .group:00000000 wm4.0.0b2cbd0a579afdcbc37120f4ceb86892
                           .group:00000000 wm4.gd32f30x.h.39.a203e36f89dbb1753b66e1e665732b11
                           .group:00000000 wm4.core_cm4.h.47.434d5634a5df7142236685d6945e71d7
                           .group:00000000 wm4._newlib_version.h.4.9ba035841e762c3308916a0ce96032e7
                           .group:00000000 wm4.features.h.33.318b64d71e0957639cfb30f1db1f7ec8
                           .group:00000000 wm4._default_types.h.15.247e5cd201eca3442cbf5404108c4935
                           .group:00000000 wm4._intsup.h.10.cce27fed8484c08a33f522034c30d2b5
                           .group:00000000 wm4._stdint.h.10.c24fa3af3bc1706662bb5593a907e841
                           .group:00000000 wm4.stdint.h.23.d53047a68f4a85177f80b422d52785ed
                           .group:00000000 wm4.core_cmInstr.h.25.d8165482ef3061013a2fc83e2d85f3d9
                           .group:00000000 wm4.core_cm4_simd.h.43.bf657009d9c246d6ac6e7b120cdd899a
                           .group:00000000 wm4.core_cm4.h.196.6f0a9ac4bbc7fecc10f22e6a71f29e52
                           .group:00000000 wm4.system_gd32f30x.h.38.120525a84dcd3d76a4734e6bcde7b49c
                           .group:00000000 wm4.gd32f30x.h.294.5e6753de52124d3e3ab34f8aafd628cc
                           .group:00000000 wm4.gd32f30x_rcu.h.41.eb7011467c51e1274d4ea5dfbe3b7403
                           .group:00000000 wm4.gd32f30x_adc.h.36.124b47377c29d63ea85a6515ff99e7d0
                           .group:00000000 wm4.gd32f30x_can.h.36.85eb2b9bdffce148e9f2cf53e35a47f8
                           .group:00000000 wm4.gd32f30x_crc.h.36.3e50e7397bf79ecca0d280169ab2b7e1
                           .group:00000000 wm4.gd32f30x_ctc.h.36.42aeab0e42f8a7b6cc58608cdc08a712
                           .group:00000000 wm4.gd32f30x_dac.h.36.f867e713911fc6770d5f38223b88a122
                           .group:00000000 wm4.gd32f30x_dbg.h.36.4d3777753862ded915f1f9e71f4c290a
                           .group:00000000 wm4.gd32f30x_dma.h.36.00aa3536820feed4ebeab0c0060e7723
                           .group:00000000 wm4.gd32f30x_exti.h.36.64affc4e75ae7f53393e90b0bfc38f38
                           .group:00000000 wm4.gd32f30x_fmc.h.37.17b3f65aacec1755989aca30031b6a7c
                           .group:00000000 wm4.gd32f30x_fwdgt.h.36.1e7c1bfe259ede52150f5b1c58591a95
                           .group:00000000 wm4.gd32f30x_gpio.h.36.faffc48a681d1163918cf519d3cc7454
                           .group:00000000 wm4.gd32f30x_i2c.h.36.5765e4fd7e67145781f52c3602fdf526
                           .group:00000000 wm4.gd32f30x_pmu.h.37.9dd0def5d1159a6e20d49fadc0da3d91
                           .group:00000000 wm4.gd32f30x_bkp.h.36.74dcfa31c344ae6ddc6f3a850e1b1f1c
                           .group:00000000 wm4.gd32f30x_rtc.h.37.6e2dc4b1c1143d8443b19d8b8578e187
                           .group:00000000 wm4.gd32f30x_sdio.h.36.6dde0ac1ffebc8ac87750ca48ebf5355
                           .group:00000000 wm4.gd32f30x_spi.h.36.761dbcfdf151612384a2a7e1dfbd70a2
                           .group:00000000 wm4.gd32f30x_timer.h.36.aa3a076608594e31d0be360d6248cd0c
                           .group:00000000 wm4.gd32f30x_usart.h.36.c16033d6419d9317c5e1d5c9a4db894a
                           .group:00000000 wm4.gd32f30x_wwdgt.h.37.074fc90df4806e0bcba242ad61cb154f
                           .group:00000000 wm4.gd32f30x_misc.h.36.ca5ec56efc9d42fdcdbc33fa419c4320
                           .group:00000000 wm4.gd32f30x_enet.h.36.7f39b2eaaae239e349e809a8bdf838ed
                           .group:00000000 wm4.gd32f30x_exmc.h.36.6a5eb51a45aba96edb0f318836bccfc7
                           .group:00000000 wm4.configboard.h.3.5d7999deb151db360ef411cbf30581d9

UNDEFINED SYMBOLS
rcu_periph_clock_enable
gpio_pin_remap_config
gpio_init
gpio_bit_reset
gpio_bit_set
