   1              		.cpu cortex-m4
   2              		.eabi_attribute 20, 1
   3              		.eabi_attribute 21, 1
   4              		.eabi_attribute 23, 3
   5              		.eabi_attribute 24, 1
   6              		.eabi_attribute 25, 1
   7              		.eabi_attribute 26, 1
   8              		.eabi_attribute 30, 6
   9              		.eabi_attribute 34, 1
  10              		.eabi_attribute 18, 4
  11              		.file	"timer.c"
  12              		.text
  13              	.Ltext0:
  14              		.cfi_sections	.debug_frame
  15              		.section	.text.gpio_buz_config,"ax",%progbits
  16              		.align	1
  17              		.global	gpio_buz_config
  18              		.arch armv7e-m
  19              		.syntax unified
  20              		.thumb
  21              		.thumb_func
  22              		.fpu softvfp
  24              	gpio_buz_config:
  25              	.LFB116:
  26              		.file 1 "../app/timer.c"
   1:../app/timer.c **** /* USER CODE BEGIN Header */
   2:../app/timer.c **** /**
   3:../app/timer.c ****   ******************************************************************************
   4:../app/timer.c ****   * @file    gpio.c
   5:../app/timer.c ****   * @brief   This file provides code for the configuration
   6:../app/timer.c ****   *          of all used GPIO pins.
   7:../app/timer.c ****   ******************************************************************************
   8:../app/timer.c ****   * @attention
   9:../app/timer.c ****   *
  10:../app/timer.c ****   * This software is licensed under terms that can be found in the LICENSE file
  11:../app/timer.c ****   * in the root directory of this software component.
  12:../app/timer.c ****   * If no LICENSE file comes with this software, it is provided AS-IS.
  13:../app/timer.c ****   *
  14:../app/timer.c ****   ******************************************************************************
  15:../app/timer.c ****   */
  16:../app/timer.c **** /* USER CODE END Header */
  17:../app/timer.c **** 
  18:../app/timer.c **** /* Includes ------------------------------------------------------------------*/
  19:../app/timer.c **** #define _TIMER_C_
  20:../app/timer.c **** #include "gd32f30x.h"
  21:../app/timer.c **** #include "os_lyh_core.h"
  22:../app/timer.c **** #include "configboard.h"
  23:../app/timer.c **** #include "timer.h"
  24:../app/timer.c **** 
  25:../app/timer.c **** #define BUZZ_CLK				500
  26:../app/timer.c **** #define BUZZ_PERIOD(x)		(1000000/x)
  27:../app/timer.c **** 
  28:../app/timer.c **** #define T2_CLK				1000
  29:../app/timer.c **** #define T2_PERIOD(x)			(1000000/x)
  30:../app/timer.c **** 
  31:../app/timer.c **** /* USER CODE BEGIN 0 */
  32:../app/timer.c **** void gpio_buz_config(void)
  33:../app/timer.c **** {
  27              		.loc 1 33 1
  28              		.cfi_startproc
  29              		@ args = 0, pretend = 0, frame = 0
  30              		@ frame_needed = 1, uses_anonymous_args = 0
  31 0000 80B5     		push	{r7, lr}
  32              		.cfi_def_cfa_offset 8
  33              		.cfi_offset 7, -8
  34              		.cfi_offset 14, -4
  35 0002 00AF     		add	r7, sp, #0
  36              		.cfi_def_cfa_register 7
  34:../app/timer.c ****     rcu_periph_clock_enable(RCU_GPIOA);
  37              		.loc 1 34 5
  38 0004 40F20260 		movw	r0, #1538
  39 0008 FFF7FEFF 		bl	rcu_periph_clock_enable
  35:../app/timer.c ****     
  36:../app/timer.c ****     /*Configure PA11(TIMER0_CH3) as alternate function*/
  37:../app/timer.c ****     BUZZER_CONFIG();	
  40              		.loc 1 37 5
  41 000c 4FF40063 		mov	r3, #2048
  42 0010 0122     		movs	r2, #1
  43 0012 1821     		movs	r1, #24
  44 0014 0248     		ldr	r0, .L2
  45 0016 FFF7FEFF 		bl	gpio_init
  38:../app/timer.c **** }
  46              		.loc 1 38 1
  47 001a 00BF     		nop
  48 001c 80BD     		pop	{r7, pc}
  49              	.L3:
  50 001e 00BF     		.align	2
  51              	.L2:
  52 0020 00080140 		.word	1073809408
  53              		.cfi_endproc
  54              	.LFE116:
  56              		.section	.text.timer0_pwm_config,"ax",%progbits
  57              		.align	1
  58              		.global	timer0_pwm_config
  59              		.syntax unified
  60              		.thumb
  61              		.thumb_func
  62              		.fpu softvfp
  64              	timer0_pwm_config:
  65              	.LFB117:
  39:../app/timer.c **** 
  40:../app/timer.c **** /* USER CODE END 0 */
  41:../app/timer.c **** 
  42:../app/timer.c **** /*----------------------------------------------------------------------------*/
  43:../app/timer.c **** /* Configure display                                                            */
  44:../app/timer.c **** /*----------------------------------------------------------------------------*/
  45:../app/timer.c **** /* USER CODE BEGIN 1 */
  46:../app/timer.c **** /**
  47:../app/timer.c ****     \brief      configure the TIMER peripheral
  48:../app/timer.c ****     \param[in]  none
  49:../app/timer.c ****     \param[out] none
  50:../app/timer.c ****     \retval     none
  51:../app/timer.c ****   */
  52:../app/timer.c **** void timer0_pwm_config(void)
  53:../app/timer.c **** {
  66              		.loc 1 53 1
  67              		.cfi_startproc
  68              		@ args = 0, pretend = 0, frame = 32
  69              		@ frame_needed = 1, uses_anonymous_args = 0
  70 0000 80B5     		push	{r7, lr}
  71              		.cfi_def_cfa_offset 8
  72              		.cfi_offset 7, -8
  73              		.cfi_offset 14, -4
  74 0002 88B0     		sub	sp, sp, #32
  75              		.cfi_def_cfa_offset 40
  76 0004 00AF     		add	r7, sp, #0
  77              		.cfi_def_cfa_register 7
  54:../app/timer.c ****     /* TIMER0 configuration: generate PWM signals with different duty cycles:
  55:../app/timer.c ****        TIMER0CLK = SystemCoreClock / 120 = 1MHz */
  56:../app/timer.c ****     timer_oc_parameter_struct timer_ocintpara;
  57:../app/timer.c ****     timer_parameter_struct timer_initpara;
  58:../app/timer.c **** 
  59:../app/timer.c ****     rcu_periph_clock_enable(RCU_TIMER0);
  78              		.loc 1 59 5
  79 0006 40F20B60 		movw	r0, #1547
  80 000a FFF7FEFF 		bl	rcu_periph_clock_enable
  60:../app/timer.c ****     timer_deinit(TIMER0);
  81              		.loc 1 60 5
  82 000e 2248     		ldr	r0, .L5
  83 0010 FFF7FEFF 		bl	timer_deinit
  61:../app/timer.c **** 
  62:../app/timer.c ****     /* TIMER0 configuration */
  63:../app/timer.c ****     timer_initpara.prescaler         = 119;
  84              		.loc 1 63 38
  85 0014 7723     		movs	r3, #119
  86 0016 BB80     		strh	r3, [r7, #4]	@ movhi
  64:../app/timer.c ****     timer_initpara.alignedmode       = TIMER_COUNTER_EDGE;
  87              		.loc 1 64 38
  88 0018 0023     		movs	r3, #0
  89 001a FB80     		strh	r3, [r7, #6]	@ movhi
  65:../app/timer.c ****     timer_initpara.counterdirection  = TIMER_COUNTER_UP;
  90              		.loc 1 65 38
  91 001c 0023     		movs	r3, #0
  92 001e 3B81     		strh	r3, [r7, #8]	@ movhi
  66:../app/timer.c ****     timer_initpara.period            = BUZZ_PERIOD(BUZZ_CLK);
  93              		.loc 1 66 38
  94 0020 4FF4FA63 		mov	r3, #2000
  95 0024 FB60     		str	r3, [r7, #12]
  67:../app/timer.c ****     timer_initpara.clockdivision     = TIMER_CKDIV_DIV1;
  96              		.loc 1 67 38
  97 0026 0023     		movs	r3, #0
  98 0028 7B81     		strh	r3, [r7, #10]	@ movhi
  68:../app/timer.c ****     timer_initpara.repetitioncounter = 0;
  99              		.loc 1 68 38
 100 002a 0023     		movs	r3, #0
 101 002c 3B74     		strb	r3, [r7, #16]
  69:../app/timer.c ****     timer_init(TIMER0,&timer_initpara);
 102              		.loc 1 69 5
 103 002e 3B1D     		adds	r3, r7, #4
 104 0030 1946     		mov	r1, r3
 105 0032 1948     		ldr	r0, .L5
 106 0034 FFF7FEFF 		bl	timer_init
  70:../app/timer.c **** 
  71:../app/timer.c ****      /* CH0 configuration in PWM mode */
  72:../app/timer.c ****     timer_ocintpara.outputstate  = TIMER_CCX_ENABLE;
 107              		.loc 1 72 34
 108 0038 0123     		movs	r3, #1
 109 003a BB82     		strh	r3, [r7, #20]	@ movhi
  73:../app/timer.c ****     timer_ocintpara.outputnstate = TIMER_CCXN_DISABLE;
 110              		.loc 1 73 34
 111 003c 0023     		movs	r3, #0
 112 003e FB82     		strh	r3, [r7, #22]	@ movhi
  74:../app/timer.c ****     timer_ocintpara.ocpolarity   = TIMER_OC_POLARITY_HIGH;
 113              		.loc 1 74 34
 114 0040 0023     		movs	r3, #0
 115 0042 3B83     		strh	r3, [r7, #24]	@ movhi
  75:../app/timer.c ****     timer_ocintpara.ocnpolarity  = TIMER_OCN_POLARITY_HIGH;
 116              		.loc 1 75 34
 117 0044 0023     		movs	r3, #0
 118 0046 7B83     		strh	r3, [r7, #26]	@ movhi
  76:../app/timer.c ****     timer_ocintpara.ocidlestate  = TIMER_OC_IDLE_STATE_LOW;
 119              		.loc 1 76 34
 120 0048 0023     		movs	r3, #0
 121 004a BB83     		strh	r3, [r7, #28]	@ movhi
  77:../app/timer.c ****     timer_ocintpara.ocnidlestate = TIMER_OCN_IDLE_STATE_LOW;
 122              		.loc 1 77 34
 123 004c 0023     		movs	r3, #0
 124 004e FB83     		strh	r3, [r7, #30]	@ movhi
  78:../app/timer.c ****     timer_channel_output_config(TIMER0,TIMER_CH_3,&timer_ocintpara);
 125              		.loc 1 78 5
 126 0050 07F11403 		add	r3, r7, #20
 127 0054 1A46     		mov	r2, r3
 128 0056 0321     		movs	r1, #3
 129 0058 0F48     		ldr	r0, .L5
 130 005a FFF7FEFF 		bl	timer_channel_output_config
  79:../app/timer.c **** 
  80:../app/timer.c ****     timer_channel_output_pulse_value_config(TIMER0,TIMER_CH_3, 0/*BUZZ_PERIOD(BUZZ_CLK)/2*/);
 131              		.loc 1 80 5
 132 005e 0022     		movs	r2, #0
 133 0060 0321     		movs	r1, #3
 134 0062 0D48     		ldr	r0, .L5
 135 0064 FFF7FEFF 		bl	timer_channel_output_pulse_value_config
  81:../app/timer.c ****     timer_channel_output_mode_config(TIMER0,TIMER_CH_3,TIMER_OC_MODE_PWM0);
 136              		.loc 1 81 5
 137 0068 6022     		movs	r2, #96
 138 006a 0321     		movs	r1, #3
 139 006c 0A48     		ldr	r0, .L5
 140 006e FFF7FEFF 		bl	timer_channel_output_mode_config
  82:../app/timer.c ****     timer_channel_output_shadow_config(TIMER0,TIMER_CH_3,TIMER_OC_SHADOW_DISABLE);
 141              		.loc 1 82 5
 142 0072 0022     		movs	r2, #0
 143 0074 0321     		movs	r1, #3
 144 0076 0848     		ldr	r0, .L5
 145 0078 FFF7FEFF 		bl	timer_channel_output_shadow_config
  83:../app/timer.c **** 
  84:../app/timer.c ****     timer_primary_output_config(TIMER0, ENABLE);
 146              		.loc 1 84 5
 147 007c 0121     		movs	r1, #1
 148 007e 0648     		ldr	r0, .L5
 149 0080 FFF7FEFF 		bl	timer_primary_output_config
  85:../app/timer.c ****     /* auto-reload preload enable */
  86:../app/timer.c ****     timer_auto_reload_shadow_enable(TIMER0);
 150              		.loc 1 86 5
 151 0084 0448     		ldr	r0, .L5
 152 0086 FFF7FEFF 		bl	timer_auto_reload_shadow_enable
  87:../app/timer.c ****     timer_enable(TIMER0);
 153              		.loc 1 87 5
 154 008a 0348     		ldr	r0, .L5
 155 008c FFF7FEFF 		bl	timer_enable
  88:../app/timer.c **** }
 156              		.loc 1 88 1
 157 0090 00BF     		nop
 158 0092 2037     		adds	r7, r7, #32
 159              		.cfi_def_cfa_offset 8
 160 0094 BD46     		mov	sp, r7
 161              		.cfi_def_cfa_register 13
 162              		@ sp needed
 163 0096 80BD     		pop	{r7, pc}
 164              	.L6:
 165              		.align	2
 166              	.L5:
 167 0098 002C0140 		.word	1073818624
 168              		.cfi_endproc
 169              	.LFE117:
 171              		.section	.text.timer0_init,"ax",%progbits
 172              		.align	1
 173              		.global	timer0_init
 174              		.syntax unified
 175              		.thumb
 176              		.thumb_func
 177              		.fpu softvfp
 179              	timer0_init:
 180              	.LFB118:
  89:../app/timer.c **** 
  90:../app/timer.c **** void timer0_init(void)
  91:../app/timer.c **** {
 181              		.loc 1 91 1
 182              		.cfi_startproc
 183              		@ args = 0, pretend = 0, frame = 0
 184              		@ frame_needed = 1, uses_anonymous_args = 0
 185 0000 80B5     		push	{r7, lr}
 186              		.cfi_def_cfa_offset 8
 187              		.cfi_offset 7, -8
 188              		.cfi_offset 14, -4
 189 0002 00AF     		add	r7, sp, #0
 190              		.cfi_def_cfa_register 7
  92:../app/timer.c ****     /* configure the GPIO ports */
  93:../app/timer.c ****     gpio_buz_config();
 191              		.loc 1 93 5
 192 0004 FFF7FEFF 		bl	gpio_buz_config
  94:../app/timer.c **** 	
  95:../app/timer.c ****     /* configure the timer peripheral */
  96:../app/timer.c ****     timer0_pwm_config();
 193              		.loc 1 96 5
 194 0008 FFF7FEFF 		bl	timer0_pwm_config
  97:../app/timer.c **** }
 195              		.loc 1 97 1
 196 000c 00BF     		nop
 197 000e 80BD     		pop	{r7, pc}
 198              		.cfi_endproc
 199              	.LFE118:
 201              		.section	.text.timer2_init,"ax",%progbits
 202              		.align	1
 203              		.global	timer2_init
 204              		.syntax unified
 205              		.thumb
 206              		.thumb_func
 207              		.fpu softvfp
 209              	timer2_init:
 210              	.LFB119:
  98:../app/timer.c **** 
  99:../app/timer.c **** void timer2_init(void)
 100:../app/timer.c **** {
 211              		.loc 1 100 1
 212              		.cfi_startproc
 213              		@ args = 0, pretend = 0, frame = 16
 214              		@ frame_needed = 1, uses_anonymous_args = 0
 215 0000 80B5     		push	{r7, lr}
 216              		.cfi_def_cfa_offset 8
 217              		.cfi_offset 7, -8
 218              		.cfi_offset 14, -4
 219 0002 84B0     		sub	sp, sp, #16
 220              		.cfi_def_cfa_offset 24
 221 0004 00AF     		add	r7, sp, #0
 222              		.cfi_def_cfa_register 7
 101:../app/timer.c ****     timer_parameter_struct timer_initpara;
 102:../app/timer.c **** 
 103:../app/timer.c ****     rcu_periph_clock_enable(RCU_TIMER2);
 223              		.loc 1 103 5
 224 0006 40F20170 		movw	r0, #1793
 225 000a FFF7FEFF 		bl	rcu_periph_clock_enable
 104:../app/timer.c ****     timer_deinit(TIMER2);
 226              		.loc 1 104 5
 227 000e 1448     		ldr	r0, .L9
 228 0010 FFF7FEFF 		bl	timer_deinit
 105:../app/timer.c **** 
 106:../app/timer.c ****     /* TIMER2 configuration */
 107:../app/timer.c ****     timer_initpara.prescaler         = 119;
 229              		.loc 1 107 38
 230 0014 7723     		movs	r3, #119
 231 0016 3B80     		strh	r3, [r7]	@ movhi
 108:../app/timer.c ****     timer_initpara.alignedmode       = TIMER_COUNTER_EDGE;
 232              		.loc 1 108 38
 233 0018 0023     		movs	r3, #0
 234 001a 7B80     		strh	r3, [r7, #2]	@ movhi
 109:../app/timer.c ****     timer_initpara.counterdirection  = TIMER_COUNTER_UP;
 235              		.loc 1 109 38
 236 001c 0023     		movs	r3, #0
 237 001e BB80     		strh	r3, [r7, #4]	@ movhi
 110:../app/timer.c ****     timer_initpara.period            = T2_PERIOD(T2_CLK);
 238              		.loc 1 110 38
 239 0020 4FF47A73 		mov	r3, #1000
 240 0024 BB60     		str	r3, [r7, #8]
 111:../app/timer.c ****     timer_initpara.clockdivision     = TIMER_CKDIV_DIV1;
 241              		.loc 1 111 38
 242 0026 0023     		movs	r3, #0
 243 0028 FB80     		strh	r3, [r7, #6]	@ movhi
 112:../app/timer.c ****     timer_initpara.repetitioncounter = 0;
 244              		.loc 1 112 38
 245 002a 0023     		movs	r3, #0
 246 002c 3B73     		strb	r3, [r7, #12]
 113:../app/timer.c ****     timer_init(TIMER2,&timer_initpara);
 247              		.loc 1 113 5
 248 002e 3B46     		mov	r3, r7
 249 0030 1946     		mov	r1, r3
 250 0032 0B48     		ldr	r0, .L9
 251 0034 FFF7FEFF 		bl	timer_init
 114:../app/timer.c ****     /* auto-reload preload enable */
 115:../app/timer.c ****     timer_auto_reload_shadow_enable(TIMER2);
 252              		.loc 1 115 5
 253 0038 0948     		ldr	r0, .L9
 254 003a FFF7FEFF 		bl	timer_auto_reload_shadow_enable
 116:../app/timer.c ****     /* Enable update interrupt  */
 117:../app/timer.c ****     timer_interrupt_enable(TIMER2, TIMER_INT_UP);
 255              		.loc 1 117 5
 256 003e 0121     		movs	r1, #1
 257 0040 0748     		ldr	r0, .L9
 258 0042 FFF7FEFF 		bl	timer_interrupt_enable
 118:../app/timer.c ****     /* NVIC priority (higher than feedback timer) */
 119:../app/timer.c ****     nvic_irq_enable(TIMER2_IRQn, 1, 0);
 259              		.loc 1 119 5
 260 0046 0022     		movs	r2, #0
 261 0048 0121     		movs	r1, #1
 262 004a 1D20     		movs	r0, #29
 263 004c FFF7FEFF 		bl	nvic_irq_enable
 120:../app/timer.c ****     /* Start timer  */
 121:../app/timer.c ****     timer_enable(TIMER2);
 264              		.loc 1 121 5
 265 0050 0348     		ldr	r0, .L9
 266 0052 FFF7FEFF 		bl	timer_enable
 122:../app/timer.c **** }
 267              		.loc 1 122 1
 268 0056 00BF     		nop
 269 0058 1037     		adds	r7, r7, #16
 270              		.cfi_def_cfa_offset 8
 271 005a BD46     		mov	sp, r7
 272              		.cfi_def_cfa_register 13
 273              		@ sp needed
 274 005c 80BD     		pop	{r7, pc}
 275              	.L10:
 276 005e 00BF     		.align	2
 277              	.L9:
 278 0060 00040040 		.word	1073742848
 279              		.cfi_endproc
 280              	.LFE119:
 282              		.section	.text.gd_timer_Init,"ax",%progbits
 283              		.align	1
 284              		.global	gd_timer_Init
 285              		.syntax unified
 286              		.thumb
 287              		.thumb_func
 288              		.fpu softvfp
 290              	gd_timer_Init:
 291              	.LFB120:
 123:../app/timer.c **** 
 124:../app/timer.c **** void gd_timer_Init(void)
 125:../app/timer.c **** {
 292              		.loc 1 125 1
 293              		.cfi_startproc
 294              		@ args = 0, pretend = 0, frame = 0
 295              		@ frame_needed = 1, uses_anonymous_args = 0
 296 0000 80B5     		push	{r7, lr}
 297              		.cfi_def_cfa_offset 8
 298              		.cfi_offset 7, -8
 299              		.cfi_offset 14, -4
 300 0002 00AF     		add	r7, sp, #0
 301              		.cfi_def_cfa_register 7
 126:../app/timer.c **** 	timer0_init();
 302              		.loc 1 126 2
 303 0004 FFF7FEFF 		bl	timer0_init
 127:../app/timer.c **** 	//timer2_init();
 128:../app/timer.c **** }
 304              		.loc 1 128 1
 305 0008 00BF     		nop
 306 000a 80BD     		pop	{r7, pc}
 307              		.cfi_endproc
 308              	.LFE120:
 310              		.section	.text.gd_timer_buz,"ax",%progbits
 311              		.align	1
 312              		.global	gd_timer_buz
 313              		.syntax unified
 314              		.thumb
 315              		.thumb_func
 316              		.fpu softvfp
 318              	gd_timer_buz:
 319              	.LFB121:
 129:../app/timer.c **** 
 130:../app/timer.c **** void gd_timer_buz(uint32_t  status)
 131:../app/timer.c **** {
 320              		.loc 1 131 1
 321              		.cfi_startproc
 322              		@ args = 0, pretend = 0, frame = 8
 323              		@ frame_needed = 1, uses_anonymous_args = 0
 324 0000 80B5     		push	{r7, lr}
 325              		.cfi_def_cfa_offset 8
 326              		.cfi_offset 7, -8
 327              		.cfi_offset 14, -4
 328 0002 82B0     		sub	sp, sp, #8
 329              		.cfi_def_cfa_offset 16
 330 0004 00AF     		add	r7, sp, #0
 331              		.cfi_def_cfa_register 7
 332 0006 7860     		str	r0, [r7, #4]
 132:../app/timer.c ****     timer_channel_output_pulse_value_config(TIMER0,TIMER_CH_3, status? (BUZZ_PERIOD(BUZZ_CLK)/2):0)
 333              		.loc 1 132 5
 334 0008 7B68     		ldr	r3, [r7, #4]
 335 000a 002B     		cmp	r3, #0
 336 000c 02D0     		beq	.L13
 337              		.loc 1 132 5 is_stmt 0 discriminator 1
 338 000e 4FF47A73 		mov	r3, #1000
 339 0012 00E0     		b	.L14
 340              	.L13:
 341              		.loc 1 132 5 discriminator 2
 342 0014 0023     		movs	r3, #0
 343              	.L14:
 344              		.loc 1 132 5 discriminator 4
 345 0016 1A46     		mov	r2, r3
 346 0018 0321     		movs	r1, #3
 347 001a 0348     		ldr	r0, .L15
 348 001c FFF7FEFF 		bl	timer_channel_output_pulse_value_config
 133:../app/timer.c **** }
 349              		.loc 1 133 1 is_stmt 1 discriminator 4
 350 0020 00BF     		nop
 351 0022 0837     		adds	r7, r7, #8
 352              		.cfi_def_cfa_offset 8
 353 0024 BD46     		mov	sp, r7
 354              		.cfi_def_cfa_register 13
 355              		@ sp needed
 356 0026 80BD     		pop	{r7, pc}
 357              	.L16:
 358              		.align	2
 359              	.L15:
 360 0028 002C0140 		.word	1073818624
 361              		.cfi_endproc
 362              	.LFE121:
 364              		.text
 365              	.Letext0:
 366              		.file 2 "d:\\project\\coffee\\ide\\tools\\gnu tools arm embedded\\xpack-arm-none-eabi-gcc\\9.2.1-1
 367              		.file 3 "d:\\project\\coffee\\ide\\tools\\gnu tools arm embedded\\xpack-arm-none-eabi-gcc\\9.2.1-1
 368              		.file 4 "../Firmware/CMSIS/core_cm4.h"
 369              		.file 5 "../Firmware/CMSIS/GD/GD32F30x/Include/system_gd32f30x.h"
 370              		.file 6 "../Firmware/CMSIS/GD/GD32F30x/Include/gd32f30x.h"
 371              		.file 7 "../Firmware/GD32F30x_standard_peripheral/Include/gd32f30x_rcu.h"
 372              		.file 8 "../Firmware/GD32F30x_standard_peripheral/Include/gd32f30x_timer.h"
 373              		.file 9 "../osal/os_lyh_core.h"
DEFINED SYMBOLS
                            *ABS*:00000000 timer.c
C:\Users\user001\AppData\Local\Temp\ccbjOmRf.s:16     .text.gpio_buz_config:00000000 $t
C:\Users\user001\AppData\Local\Temp\ccbjOmRf.s:24     .text.gpio_buz_config:00000000 gpio_buz_config
C:\Users\user001\AppData\Local\Temp\ccbjOmRf.s:52     .text.gpio_buz_config:00000020 $d
C:\Users\user001\AppData\Local\Temp\ccbjOmRf.s:57     .text.timer0_pwm_config:00000000 $t
C:\Users\user001\AppData\Local\Temp\ccbjOmRf.s:64     .text.timer0_pwm_config:00000000 timer0_pwm_config
C:\Users\user001\AppData\Local\Temp\ccbjOmRf.s:167    .text.timer0_pwm_config:00000098 $d
C:\Users\user001\AppData\Local\Temp\ccbjOmRf.s:172    .text.timer0_init:00000000 $t
C:\Users\user001\AppData\Local\Temp\ccbjOmRf.s:179    .text.timer0_init:00000000 timer0_init
C:\Users\user001\AppData\Local\Temp\ccbjOmRf.s:202    .text.timer2_init:00000000 $t
C:\Users\user001\AppData\Local\Temp\ccbjOmRf.s:209    .text.timer2_init:00000000 timer2_init
C:\Users\user001\AppData\Local\Temp\ccbjOmRf.s:278    .text.timer2_init:00000060 $d
C:\Users\user001\AppData\Local\Temp\ccbjOmRf.s:283    .text.gd_timer_Init:00000000 $t
C:\Users\user001\AppData\Local\Temp\ccbjOmRf.s:290    .text.gd_timer_Init:00000000 gd_timer_Init
C:\Users\user001\AppData\Local\Temp\ccbjOmRf.s:311    .text.gd_timer_buz:00000000 $t
C:\Users\user001\AppData\Local\Temp\ccbjOmRf.s:318    .text.gd_timer_buz:00000000 gd_timer_buz
C:\Users\user001\AppData\Local\Temp\ccbjOmRf.s:360    .text.gd_timer_buz:00000028 $d
                           .group:00000000 wm4.0.0b2cbd0a579afdcbc37120f4ceb86892
                           .group:00000000 wm4.gd32f30x.h.39.a203e36f89dbb1753b66e1e665732b11
                           .group:00000000 wm4.core_cm4.h.47.434d5634a5df7142236685d6945e71d7
                           .group:00000000 wm4._newlib_version.h.4.9ba035841e762c3308916a0ce96032e7
                           .group:00000000 wm4.features.h.33.318b64d71e0957639cfb30f1db1f7ec8
                           .group:00000000 wm4._default_types.h.15.247e5cd201eca3442cbf5404108c4935
                           .group:00000000 wm4._intsup.h.10.cce27fed8484c08a33f522034c30d2b5
                           .group:00000000 wm4._stdint.h.10.c24fa3af3bc1706662bb5593a907e841
                           .group:00000000 wm4.stdint.h.23.d53047a68f4a85177f80b422d52785ed
                           .group:00000000 wm4.core_cmInstr.h.25.d8165482ef3061013a2fc83e2d85f3d9
                           .group:00000000 wm4.core_cm4_simd.h.43.bf657009d9c246d6ac6e7b120cdd899a
                           .group:00000000 wm4.core_cm4.h.196.6f0a9ac4bbc7fecc10f22e6a71f29e52
                           .group:00000000 wm4.system_gd32f30x.h.38.120525a84dcd3d76a4734e6bcde7b49c
                           .group:00000000 wm4.gd32f30x.h.294.5e6753de52124d3e3ab34f8aafd628cc
                           .group:00000000 wm4.gd32f30x_rcu.h.41.eb7011467c51e1274d4ea5dfbe3b7403
                           .group:00000000 wm4.gd32f30x_adc.h.36.124b47377c29d63ea85a6515ff99e7d0
                           .group:00000000 wm4.gd32f30x_can.h.36.85eb2b9bdffce148e9f2cf53e35a47f8
                           .group:00000000 wm4.gd32f30x_crc.h.36.3e50e7397bf79ecca0d280169ab2b7e1
                           .group:00000000 wm4.gd32f30x_ctc.h.36.42aeab0e42f8a7b6cc58608cdc08a712
                           .group:00000000 wm4.gd32f30x_dac.h.36.f867e713911fc6770d5f38223b88a122
                           .group:00000000 wm4.gd32f30x_dbg.h.36.4d3777753862ded915f1f9e71f4c290a
                           .group:00000000 wm4.gd32f30x_dma.h.36.00aa3536820feed4ebeab0c0060e7723
                           .group:00000000 wm4.gd32f30x_exti.h.36.64affc4e75ae7f53393e90b0bfc38f38
                           .group:00000000 wm4.gd32f30x_fmc.h.37.17b3f65aacec1755989aca30031b6a7c
                           .group:00000000 wm4.gd32f30x_fwdgt.h.36.1e7c1bfe259ede52150f5b1c58591a95
                           .group:00000000 wm4.gd32f30x_gpio.h.36.faffc48a681d1163918cf519d3cc7454
                           .group:00000000 wm4.gd32f30x_i2c.h.36.5765e4fd7e67145781f52c3602fdf526
                           .group:00000000 wm4.gd32f30x_pmu.h.37.9dd0def5d1159a6e20d49fadc0da3d91
                           .group:00000000 wm4.gd32f30x_bkp.h.36.74dcfa31c344ae6ddc6f3a850e1b1f1c
                           .group:00000000 wm4.gd32f30x_rtc.h.37.6e2dc4b1c1143d8443b19d8b8578e187
                           .group:00000000 wm4.gd32f30x_sdio.h.36.6dde0ac1ffebc8ac87750ca48ebf5355
                           .group:00000000 wm4.gd32f30x_spi.h.36.761dbcfdf151612384a2a7e1dfbd70a2
                           .group:00000000 wm4.gd32f30x_timer.h.36.aa3a076608594e31d0be360d6248cd0c
                           .group:00000000 wm4.gd32f30x_usart.h.36.c16033d6419d9317c5e1d5c9a4db894a
                           .group:00000000 wm4.gd32f30x_wwdgt.h.37.074fc90df4806e0bcba242ad61cb154f
                           .group:00000000 wm4.gd32f30x_misc.h.36.ca5ec56efc9d42fdcdbc33fa419c4320
                           .group:00000000 wm4.gd32f30x_enet.h.36.7f39b2eaaae239e349e809a8bdf838ed
                           .group:00000000 wm4.gd32f30x_exmc.h.36.6a5eb51a45aba96edb0f318836bccfc7
                           .group:00000000 wm4.os_lyh_config.h.10.bc2c4655df284899727d3a1ab69fe55d
                           .group:00000000 wm4.os_msg.h.10.a94e4ae0955bd46ca3a4d1a43d60b65d
                           .group:00000000 wm4.os_lyh_core.h.21.da159c9c8e09d857b8c2a987141693aa
                           .group:00000000 wm4.configboard.h.3.5d7999deb151db360ef411cbf30581d9
                           .group:00000000 wm4.timer.h.19.c07c390a993eae5316031678d964b6e5

UNDEFINED SYMBOLS
rcu_periph_clock_enable
gpio_init
timer_deinit
timer_init
timer_channel_output_config
timer_channel_output_pulse_value_config
timer_channel_output_mode_config
timer_channel_output_shadow_config
timer_primary_output_config
timer_auto_reload_shadow_enable
timer_enable
timer_interrupt_enable
nvic_irq_enable
